<?xml version="1.0" encoding="UTF-8"?>
<testng-results ignored="0" total="1" passed="1" failed="0" skipped="0">
  <reporter-output>
  </reporter-output>
  <suite started-at="2024-10-21T22:01:17 EDT" name="Default suite" finished-at="2024-10-21T22:01:28 EDT" duration-ms="10762">
    <groups>
    </groups>
    <test started-at="2024-10-21T22:01:17 EDT" name="Default test" finished-at="2024-10-21T22:01:28 EDT" duration-ms="10762">
      <class name="com.seleniumProject.testcases.PaymentTestCase">
        <test-method is-config="true" signature="setUpSuite()[pri:0, instance:com.seleniumProject.testcases.PaymentTestCase@1ca3b418]" started-at="2024-10-21T22:01:17 EDT" name="setUpSuite" finished-at="2024-10-21T22:01:17 EDT" duration-ms="17" status="PASS">
          <reporter-output>
          </reporter-output>
        </test-method> <!-- setUpSuite -->
        <test-method is-config="true" signature="setUp()[pri:0, instance:com.seleniumProject.testcases.PaymentTestCase@1ca3b418]" started-at="2024-10-21T22:01:17 EDT" name="setUp" finished-at="2024-10-21T22:01:20 EDT" duration-ms="3187" status="PASS">
          <reporter-output>
          </reporter-output>
        </test-method> <!-- setUp -->
        <test-method signature="testcourses()[pri:0, instance:com.seleniumProject.testcases.PaymentTestCase@1ca3b418]" started-at="2024-10-21T22:01:20 EDT" name="testcourses" finished-at="2024-10-21T22:01:27 EDT" duration-ms="7277" status="PASS">
          <reporter-output>
          </reporter-output>
        </test-method> <!-- testcourses -->
        <test-method is-config="true" signature="tearDown()[pri:0, instance:com.seleniumProject.testcases.PaymentTestCase@1ca3b418]" started-at="2024-10-21T22:01:27 EDT" name="tearDown" finished-at="2024-10-21T22:01:28 EDT" duration-ms="249" status="PASS">
          <reporter-output>
          </reporter-output>
        </test-method> <!-- tearDown -->
      </class> <!-- com.seleniumProject.testcases.PaymentTestCase -->
    </test> <!-- Default test -->
  </suite> <!-- Default suite -->
</testng-results>
